<?xml version="1.0" encoding="UTF-8"?>
<testng-results skipped="0" failed="0" total="1" passed="1">
  <reporter-output>
  </reporter-output>
  <suite name="Default suite" duration-ms="6701" started-at="2018-06-01T17:24:43Z" finished-at="2018-06-01T17:24:49Z">
    <groups>
    </groups>
    <test name="Default test" duration-ms="6701" started-at="2018-06-01T17:24:43Z" finished-at="2018-06-01T17:24:49Z">
      <class name="com.qa.test.ExampleTest">
        <test-method status="PASS" signature="setUp()[pri:0, instance:com.qa.test.ExampleTest@5d5eef3d]" name="setUp" is-config="true" duration-ms="7" started-at="2018-06-01T22:54:43Z" finished-at="2018-06-01T22:54:43Z">
          <reporter-output>
          </reporter-output>
        </test-method> <!-- setUp -->
        <test-method status="PASS" signature="testGet()[pri:0, instance:com.qa.test.ExampleTest@5d5eef3d]" name="testGet" duration-ms="6663" started-at="2018-06-01T22:54:43Z" finished-at="2018-06-01T22:54:49Z">
          <reporter-output>
          </reporter-output>
        </test-method> <!-- testGet -->
      </class> <!-- com.qa.test.ExampleTest -->
    </test> <!-- Default test -->
  </suite> <!-- Default suite -->
</testng-results>
